\BOOKMARK [0][-]{Doc-Start}{Remerciements}{}% 1
\BOOKMARK [0][-]{Doc-Start}{Sommaire}{}% 2
\BOOKMARK [0][-]{Doc-Start}{Introduction}{}% 3
\BOOKMARK [1][-]{section*.1}{Contexte du stage}{Doc-Start}% 4
\BOOKMARK [1][-]{section*.2}{Structure du rapport}{Doc-Start}% 5
\BOOKMARK [1][-]{section*.3}{Conseils de lecture}{Doc-Start}% 6
\BOOKMARK [0][-]{chapter.1}{Contexte}{}% 7
\BOOKMARK [1][-]{section.1.1}{Ticetime}{chapter.1}% 8
\BOOKMARK [1][-]{section.1.2}{L'\351quipe}{chapter.1}% 9
\BOOKMARK [1][-]{section.1.3}{Les outils utilis\351s}{chapter.1}% 10
\BOOKMARK [0][-]{chapter.2}{Pr\351sentation du sujet}{}% 11
\BOOKMARK [1][-]{section.2.1}{Elaastic}{chapter.2}% 12
\BOOKMARK [2][-]{subsection.2.1.1}{IMS Content Packaging}{section.2.1}% 13
\BOOKMARK [2][-]{subsection.2.1.2}{WebDAV}{section.2.1}% 14
\BOOKMARK [2][-]{subsection.2.1.3}{Artifact}{section.2.1}% 15
\BOOKMARK [2][-]{subsection.2.1.4}{Diffusion}{section.2.1}% 16
\BOOKMARK [2][-]{subsection.2.1.5}{Question interactive}{section.2.1}% 17
\BOOKMARK [1][-]{section.2.2}{D\351marche m\351thodologique}{chapter.2}% 18
\BOOKMARK [0][-]{chapter.3}{Travail r\351alis\351}{}% 19
\BOOKMARK [1][-]{section.3.1}{IMS}{chapter.3}% 20
\BOOKMARK [2][-]{subsection.3.1.1}{Recherche et analyse}{section.3.1}% 21
\BOOKMARK [2][-]{subsection.3.1.2}{Solution mise en \234uvre}{section.3.1}% 22
\BOOKMARK [1][-]{section.3.2}{WebDAV}{chapter.3}% 23
\BOOKMARK [2][-]{subsection.3.2.1}{Recherche et analyse}{section.3.2}% 24
\BOOKMARK [2][-]{subsection.3.2.2}{Solution mise en \234uvre}{section.3.2}% 25
\BOOKMARK [1][-]{section.3.3}{Artifact}{chapter.3}% 26
\BOOKMARK [2][-]{subsection.3.3.1}{Recherche et analyse}{section.3.3}% 27
\BOOKMARK [2][-]{subsection.3.3.2}{Solution mise en \234uvre}{section.3.3}% 28
\BOOKMARK [1][-]{section.3.4}{Diffusion}{chapter.3}% 29
\BOOKMARK [2][-]{subsection.3.4.1}{Recherche et analyse}{section.3.4}% 30
\BOOKMARK [2][-]{subsection.3.4.2}{Solution mise en \234uvre}{section.3.4}% 31
\BOOKMARK [1][-]{section.3.5}{Question int\351ractive}{chapter.3}% 32
\BOOKMARK [2][-]{subsection.3.5.1}{Recherche et analyse}{section.3.5}% 33
\BOOKMARK [2][-]{subsection.3.5.2}{Solution mise en place}{section.3.5}% 34
\BOOKMARK [0][-]{chapter.4}{Bilan pour l'entreprise}{}% 35
\BOOKMARK [1][-]{section.4.1}{Apport du travail r\351alis\351}{chapter.4}% 36
\BOOKMARK [1][-]{section.4.2}{Perspectives d'\351volution}{chapter.4}% 37
\BOOKMARK [0][-]{chapter.5}{Bilan personnel}{}% 38
\BOOKMARK [1][-]{section.5.1}{Respise des acquis}{chapter.5}% 39
\BOOKMARK [1][-]{section.5.2}{Exp\351riences pass\351e}{chapter.5}% 40
\BOOKMARK [1][-]{section.5.3}{Projet professionnel}{chapter.5}% 41
\BOOKMARK [0][-]{section.5.3}{Conclusion}{}% 42
\BOOKMARK [0][-]{section*.5}{Glossaire et acronymes}{}% 36
\BOOKMARK [0][-]{section*.5}{Table des figures}{}% 37
\BOOKMARK [0][-]{section*.5}{Liste des tableaux}{}% 38
